GuardArray strong sclaing: 1, 820517509
Queue strong sclaing: 1, 867124464, 880076266
HashTable strong sclaing: 1, 1079345881, 421223326
GuardArray weak sclaing: 1, 820357619
Queue weak sclaing: 1, 862295978, 863719687
HashTable weak sclaing: 1, 1080589559, 421957507
GuardArray strong sclaing: 2, 371091649
Queue strong sclaing: 2, 394784786, 350216380
HashTable strong sclaing: 2, 426868093, 159196838
GuardArray weak sclaing: 2, 731565484
Queue weak sclaing: 2, 796159166, 693319831
HashTable weak sclaing: 2, 855893285, 341631132
GuardArray strong sclaing: 4, 186536084
Queue strong sclaing: 4, 200803365, 195861256
HashTable strong sclaing: 4, 216439486, 73790949
GuardArray weak sclaing: 4, 745746853
Queue weak sclaing: 4, 803961184, 790676965
HashTable weak sclaing: 4, 889820700, 296299804
GuardArray strong sclaing: 8, 112526011
Queue strong sclaing: 8, 110403822, 101115079
HashTable strong sclaing: 8, 111245369, 37093041
GuardArray weak sclaing: 8, 725220688
Queue weak sclaing: 8, 814201242, 797540690
HashTable weak sclaing: 8, 887455258, 298358321
GuardArray strong sclaing: 16, 57226247
Queue strong sclaing: 16, 54043549, 51662220
HashTable strong sclaing: 16, 59698279, 18753369
GuardArray weak sclaing: 16, 779236232
Queue weak sclaing: 16, 875959881, 822688240
HashTable weak sclaing: 16, 892450175, 291653884
GuardArray strong sclaing: 32, 34529214
Queue strong sclaing: 32, 31964942, 25777463
HashTable strong sclaing: 32, 35534898, 10105226
GuardArray weak sclaing: 32, 978919125
Queue weak sclaing: 32, 1013208349, 815600633
HashTable weak sclaing: 32, 1161163483, 338459084
